[0.120s] DEBUG:colcon:Command line arguments: ['/usr/bin/colcon', 'build']
[0.121s] DEBUG:colcon:Parsed command line arguments: Namespace(log_base=None, log_level=None, verb_name='build', build_base='build', install_base='install', merge_install=False, symlink_install=False, test_result_base=None, continue_on_error=False, executor='parallel', parallel_workers=18, event_handlers=None, ignore_user_meta=False, metas=['./colcon.meta'], base_paths=['.'], packages_ignore=None, packages_ignore_regex=None, paths=None, packages_up_to=None, packages_up_to_regex=None, packages_above=None, packages_above_and_dependencies=None, packages_above_depth=None, packages_select_by_dep=None, packages_skip_by_dep=None, packages_skip_up_to=None, packages_select_build_failed=False, packages_skip_build_finished=False, packages_select_test_failures=False, packages_skip_test_passed=False, packages_select=None, packages_skip=None, packages_select_regex=None, packages_skip_regex=None, packages_start=None, packages_end=None, cmake_args=None, cmake_target=None, cmake_target_skip_unavailable=False, cmake_clean_cache=False, cmake_clean_first=False, cmake_force_configure=False, ament_cmake_args=None, catkin_cmake_args=None, catkin_skip_building_tests=False, mixin_files=None, mixin=None, verb_parser=<colcon_mixin.mixin.mixin_argument.MixinArgumentDecorator object at 0x7ffffe20e230>, verb_extension=<colcon_core.verb.build.BuildVerb object at 0x7ffffe20dba0>, main=<bound method BuildVerb.main of <colcon_core.verb.build.BuildVerb object at 0x7ffffe20dba0>>, mixin_verb=('build',))
[0.223s] Level 1:colcon.colcon_core.package_discovery:discover_packages(colcon_meta) check parameters
[0.224s] INFO:colcon.colcon_metadata.package_discovery.colcon_meta:Using configuration from '/root/.colcon/metadata/default/Gazebo.meta'
[0.224s] INFO:colcon.colcon_metadata.package_discovery.colcon_meta:Using configuration from '/root/.colcon/metadata/default/fastdds.meta'
[0.224s] INFO:colcon.colcon_metadata.package_discovery.colcon_meta:Using configuration from '/root/.colcon/metadata/default/fastrtps.meta'
[0.224s] Level 1:colcon.colcon_core.package_discovery:discover_packages(recursive) check parameters
[0.224s] Level 1:colcon.colcon_core.package_discovery:discover_packages(ignore) check parameters
[0.224s] Level 1:colcon.colcon_core.package_discovery:discover_packages(path) check parameters
[0.224s] Level 1:colcon.colcon_core.package_discovery:discover_packages(colcon_meta) discover
[0.224s] Level 1:colcon.colcon_core.package_discovery:discover_packages(recursive) discover
[0.225s] INFO:colcon.colcon_core.package_discovery:Crawling recursively for packages in '/workspaces/warpSLAM/disparity_extender'
[0.225s] Level 1:colcon.colcon_core.package_identification:_identify(.) by extensions ['ignore', 'ignore_ament_install']
[0.225s] Level 1:colcon.colcon_core.package_identification:_identify(.) by extension 'ignore'
[0.225s] Level 1:colcon.colcon_core.package_identification:_identify(.) by extension 'ignore_ament_install'
[0.225s] Level 1:colcon.colcon_core.package_identification:_identify(.) by extensions ['colcon_pkg']
[0.225s] Level 1:colcon.colcon_core.package_identification:_identify(.) by extension 'colcon_pkg'
[0.225s] Level 1:colcon.colcon_core.package_identification:_identify(.) by extensions ['colcon_meta']
[0.225s] Level 1:colcon.colcon_core.package_identification:_identify(.) by extension 'colcon_meta'
[0.226s] Level 1:colcon.colcon_core.package_identification:_identify(.) by extensions ['ros']
[0.226s] Level 1:colcon.colcon_core.package_identification:_identify(.) by extension 'ros'
[0.241s] DEBUG:colcon.colcon_core.package_identification:Package '.' with type 'ros.ament_python' and name 'disparity_extender'
[0.241s] Level 1:colcon.colcon_core.package_discovery:discover_packages(recursive) using defaults
[0.241s] Level 1:colcon.colcon_core.package_discovery:discover_packages(ignore) discover
[0.242s] Level 1:colcon.colcon_core.package_discovery:discover_packages(ignore) using defaults
[0.242s] Level 1:colcon.colcon_core.package_discovery:discover_packages(path) discover
[0.242s] Level 1:colcon.colcon_core.package_discovery:discover_packages(path) using defaults
[0.261s] Level 5:colcon.colcon_core.verb:set package 'disparity_extender' build argument 'cmake_args' from command line to 'None'
[0.261s] Level 5:colcon.colcon_core.verb:set package 'disparity_extender' build argument 'cmake_target' from command line to 'None'
[0.261s] Level 5:colcon.colcon_core.verb:set package 'disparity_extender' build argument 'cmake_target_skip_unavailable' from command line to 'False'
[0.261s] Level 5:colcon.colcon_core.verb:set package 'disparity_extender' build argument 'cmake_clean_cache' from command line to 'False'
[0.261s] Level 5:colcon.colcon_core.verb:set package 'disparity_extender' build argument 'cmake_clean_first' from command line to 'False'
[0.261s] Level 5:colcon.colcon_core.verb:set package 'disparity_extender' build argument 'cmake_force_configure' from command line to 'False'
[0.261s] Level 5:colcon.colcon_core.verb:set package 'disparity_extender' build argument 'ament_cmake_args' from command line to 'None'
[0.261s] Level 5:colcon.colcon_core.verb:set package 'disparity_extender' build argument 'catkin_cmake_args' from command line to 'None'
[0.261s] Level 5:colcon.colcon_core.verb:set package 'disparity_extender' build argument 'catkin_skip_building_tests' from command line to 'False'
[0.261s] DEBUG:colcon.colcon_core.verb:Building package 'disparity_extender' with the following arguments: {'ament_cmake_args': None, 'build_base': '/workspaces/warpSLAM/disparity_extender/build/disparity_extender', 'catkin_cmake_args': None, 'catkin_skip_building_tests': False, 'cmake_args': None, 'cmake_clean_cache': False, 'cmake_clean_first': False, 'cmake_force_configure': False, 'cmake_target': None, 'cmake_target_skip_unavailable': False, 'install_base': '/workspaces/warpSLAM/disparity_extender/install/disparity_extender', 'merge_install': False, 'path': '/workspaces/warpSLAM/disparity_extender', 'symlink_install': False, 'test_result_base': None}
[0.261s] INFO:colcon.colcon_core.executor:Executing jobs using 'parallel' executor
[0.264s] DEBUG:colcon.colcon_parallel_executor.executor.parallel:run_until_complete
[0.266s] INFO:colcon.colcon_ros.task.ament_python.build:Building ROS package in '/workspaces/warpSLAM/disparity_extender' with build type 'ament_python'
[0.266s] Level 1:colcon.colcon_core.shell:create_environment_hook('disparity_extender', 'ament_prefix_path')
[0.269s] INFO:colcon.colcon_core.plugin_system:Skipping extension 'colcon_core.shell.bat': Not used on non-Windows systems
[0.270s] INFO:colcon.colcon_core.shell:Creating environment hook '/workspaces/warpSLAM/disparity_extender/install/disparity_extender/share/disparity_extender/hook/ament_prefix_path.ps1'
[0.271s] INFO:colcon.colcon_core.shell:Creating environment descriptor '/workspaces/warpSLAM/disparity_extender/install/disparity_extender/share/disparity_extender/hook/ament_prefix_path.dsv'
[0.272s] INFO:colcon.colcon_core.shell:Creating environment hook '/workspaces/warpSLAM/disparity_extender/install/disparity_extender/share/disparity_extender/hook/ament_prefix_path.sh'
[0.273s] INFO:colcon.colcon_core.shell:Skip shell extension 'powershell' for command environment: Not usable outside of PowerShell
[0.273s] DEBUG:colcon.colcon_core.shell:Skip shell extension 'dsv' for command environment
[0.543s] INFO:colcon.colcon_core.task.python.build:Building Python package in '/workspaces/warpSLAM/disparity_extender'
[0.543s] INFO:colcon.colcon_core.shell:Skip shell extension 'powershell' for command environment: Not usable outside of PowerShell
[0.543s] DEBUG:colcon.colcon_core.shell:Skip shell extension 'dsv' for command environment
[0.895s] DEBUG:colcon.colcon_core.event_handler.log_command:Invoking command in '/workspaces/warpSLAM/disparity_extender': PS1=(warpslam) \[\e]0;\u@\h: \w\a\]${debian_chroot:+($debian_chroot)}\u@\h:\w\$ PYTHONPATH=/workspaces/warpSLAM/disparity_extender/build/disparity_extender/prefix_override:/usr/lib/python3/dist-packages/colcon_core/task/python/colcon_distutils_commands:/workspaces/warpSLAM/disparity_extender/install/disparity_extender/lib/python3.10/site-packages:${PYTHONPATH} /usr/bin/python3 -W ignore:setup.py install is deprecated -W ignore:easy_install command is deprecated setup.py egg_info --egg-base build/disparity_extender build --build-base /workspaces/warpSLAM/disparity_extender/build/disparity_extender/build install --record /workspaces/warpSLAM/disparity_extender/build/disparity_extender/install.log --single-version-externally-managed install_data
[1.205s] DEBUG:colcon.colcon_core.event_handler.log_command:Invoked command in '/workspaces/warpSLAM/disparity_extender' returned '0': PS1=(warpslam) \[\e]0;\u@\h: \w\a\]${debian_chroot:+($debian_chroot)}\u@\h:\w\$ PYTHONPATH=/workspaces/warpSLAM/disparity_extender/build/disparity_extender/prefix_override:/usr/lib/python3/dist-packages/colcon_core/task/python/colcon_distutils_commands:/workspaces/warpSLAM/disparity_extender/install/disparity_extender/lib/python3.10/site-packages:${PYTHONPATH} /usr/bin/python3 -W ignore:setup.py install is deprecated -W ignore:easy_install command is deprecated setup.py egg_info --egg-base build/disparity_extender build --build-base /workspaces/warpSLAM/disparity_extender/build/disparity_extender/build install --record /workspaces/warpSLAM/disparity_extender/build/disparity_extender/install.log --single-version-externally-managed install_data
[1.207s] Level 1:colcon.colcon_core.environment:checking '/workspaces/warpSLAM/disparity_extender/install/disparity_extender' for CMake module files
[1.208s] Level 1:colcon.colcon_core.environment:checking '/workspaces/warpSLAM/disparity_extender/install/disparity_extender' for CMake config files
[1.209s] Level 1:colcon.colcon_core.environment:checking '/workspaces/warpSLAM/disparity_extender/install/disparity_extender/lib'
[1.210s] Level 1:colcon.colcon_core.environment:checking '/workspaces/warpSLAM/disparity_extender/install/disparity_extender/bin'
[1.210s] Level 1:colcon.colcon_core.environment:checking '/workspaces/warpSLAM/disparity_extender/install/disparity_extender/lib/pkgconfig/disparity_extender.pc'
[1.210s] Level 1:colcon.colcon_core.environment:checking '/workspaces/warpSLAM/disparity_extender/install/disparity_extender/lib/python3.10/site-packages'
[1.210s] Level 1:colcon.colcon_core.shell:create_environment_hook('disparity_extender', 'pythonpath')
[1.210s] INFO:colcon.colcon_core.shell:Creating environment hook '/workspaces/warpSLAM/disparity_extender/install/disparity_extender/share/disparity_extender/hook/pythonpath.ps1'
[1.211s] INFO:colcon.colcon_core.shell:Creating environment descriptor '/workspaces/warpSLAM/disparity_extender/install/disparity_extender/share/disparity_extender/hook/pythonpath.dsv'
[1.211s] INFO:colcon.colcon_core.shell:Creating environment hook '/workspaces/warpSLAM/disparity_extender/install/disparity_extender/share/disparity_extender/hook/pythonpath.sh'
[1.212s] Level 1:colcon.colcon_core.environment:checking '/workspaces/warpSLAM/disparity_extender/install/disparity_extender/bin'
[1.212s] Level 1:colcon.colcon_core.environment:create_environment_scripts_only(disparity_extender)
[1.212s] INFO:colcon.colcon_core.shell:Creating package script '/workspaces/warpSLAM/disparity_extender/install/disparity_extender/share/disparity_extender/package.ps1'
[1.213s] INFO:colcon.colcon_core.shell:Creating package descriptor '/workspaces/warpSLAM/disparity_extender/install/disparity_extender/share/disparity_extender/package.dsv'
[1.214s] INFO:colcon.colcon_core.shell:Creating package script '/workspaces/warpSLAM/disparity_extender/install/disparity_extender/share/disparity_extender/package.sh'
[1.214s] INFO:colcon.colcon_core.shell:Creating package script '/workspaces/warpSLAM/disparity_extender/install/disparity_extender/share/disparity_extender/package.bash'
[1.215s] INFO:colcon.colcon_core.shell:Creating package script '/workspaces/warpSLAM/disparity_extender/install/disparity_extender/share/disparity_extender/package.zsh'
[1.215s] Level 1:colcon.colcon_core.environment:create_file_with_runtime_dependencies(/workspaces/warpSLAM/disparity_extender/install/disparity_extender/share/colcon-core/packages/disparity_extender)
[1.216s] DEBUG:colcon.colcon_parallel_executor.executor.parallel:closing loop
[1.217s] DEBUG:colcon.colcon_parallel_executor.executor.parallel:loop closed
[1.217s] DEBUG:colcon.colcon_parallel_executor.executor.parallel:run_until_complete finished with '0'
[1.217s] DEBUG:colcon.colcon_core.event_reactor:joining thread
[1.226s] INFO:colcon.colcon_core.plugin_system:Skipping extension 'colcon_notification.desktop_notification.notify_send': Could not find 'notify-send'
[1.226s] INFO:colcon.colcon_core.plugin_system:Skipping extension 'colcon_notification.desktop_notification.terminal_notifier': Not used on non-Darwin systems
[1.226s] INFO:colcon.colcon_core.plugin_system:Skipping extension 'colcon_notification.desktop_notification.win32': Not used on non-Windows systems
[1.226s] INFO:colcon.colcon_notification.desktop_notification:Sending desktop notification using 'notify2'
[1.231s] DEBUG:colcon.colcon_notification.desktop_notification.notify2:Failed to initialize notify2: org.freedesktop.DBus.Error.Spawn.ExecFailed: /usr/bin/dbus-launch terminated abnormally without any error message
[1.231s] DEBUG:colcon.colcon_core.event_reactor:joined thread
[1.232s] INFO:colcon.colcon_core.shell:Creating prefix script '/workspaces/warpSLAM/disparity_extender/install/local_setup.ps1'
[1.233s] INFO:colcon.colcon_core.shell:Creating prefix util module '/workspaces/warpSLAM/disparity_extender/install/_local_setup_util_ps1.py'
[1.235s] INFO:colcon.colcon_core.shell:Creating prefix chain script '/workspaces/warpSLAM/disparity_extender/install/setup.ps1'
[1.236s] INFO:colcon.colcon_core.shell:Creating prefix script '/workspaces/warpSLAM/disparity_extender/install/local_setup.sh'
[1.236s] INFO:colcon.colcon_core.shell:Creating prefix util module '/workspaces/warpSLAM/disparity_extender/install/_local_setup_util_sh.py'
[1.237s] INFO:colcon.colcon_core.shell:Creating prefix chain script '/workspaces/warpSLAM/disparity_extender/install/setup.sh'
[1.238s] INFO:colcon.colcon_core.shell:Creating prefix script '/workspaces/warpSLAM/disparity_extender/install/local_setup.bash'
[1.238s] INFO:colcon.colcon_core.shell:Creating prefix chain script '/workspaces/warpSLAM/disparity_extender/install/setup.bash'
[1.239s] INFO:colcon.colcon_core.shell:Creating prefix script '/workspaces/warpSLAM/disparity_extender/install/local_setup.zsh'
[1.239s] INFO:colcon.colcon_core.shell:Creating prefix chain script '/workspaces/warpSLAM/disparity_extender/install/setup.zsh'
