[0.606s] Invoking command in '/workspaces/warpSLAM/disparity_extender': PS1=(warpslam) \[\e]0;\u@\h: \w\a\]${debian_chroot:+($debian_chroot)}\u@\h:\w\$ PYTHONPATH=/workspaces/warpSLAM/disparity_extender/build/disparity_extender/prefix_override:/usr/lib/python3/dist-packages/colcon_core/task/python/colcon_distutils_commands:/workspaces/warpSLAM/disparity_extender/install/disparity_extender/lib/python3.10/site-packages:${PYTHONPATH} /usr/bin/python3 -W ignore:setup.py install is deprecated -W ignore:easy_install command is deprecated setup.py egg_info --egg-base build/disparity_extender build --build-base /workspaces/warpSLAM/disparity_extender/build/disparity_extender/build install --record /workspaces/warpSLAM/disparity_extender/build/disparity_extender/install.log --single-version-externally-managed install_data
[0.834s] running egg_info
[0.834s] writing build/disparity_extender/disparity_extender.egg-info/PKG-INFO
[0.834s] writing dependency_links to build/disparity_extender/disparity_extender.egg-info/dependency_links.txt
[0.834s] writing entry points to build/disparity_extender/disparity_extender.egg-info/entry_points.txt
[0.835s] writing requirements to build/disparity_extender/disparity_extender.egg-info/requires.txt
[0.835s] writing top-level names to build/disparity_extender/disparity_extender.egg-info/top_level.txt
[0.837s] reading manifest file 'build/disparity_extender/disparity_extender.egg-info/SOURCES.txt'
[0.838s] writing manifest file 'build/disparity_extender/disparity_extender.egg-info/SOURCES.txt'
[0.838s] running build
[0.838s] running build_py
[0.839s] running install
[0.839s] running install_lib
[0.840s] running install_data
[0.840s] running install_egg_info
[0.843s] removing '/workspaces/warpSLAM/disparity_extender/install/disparity_extender/lib/python3.10/site-packages/disparity_extender-0.0.0-py3.10.egg-info' (and everything under it)
[0.843s] Copying build/disparity_extender/disparity_extender.egg-info to /workspaces/warpSLAM/disparity_extender/install/disparity_extender/lib/python3.10/site-packages/disparity_extender-0.0.0-py3.10.egg-info
[0.847s] running install_scripts
[0.870s] Installing disparity_extender script to /workspaces/warpSLAM/disparity_extender/install/disparity_extender/lib/disparity_extender
[0.871s] writing list of installed files to '/workspaces/warpSLAM/disparity_extender/build/disparity_extender/install.log'
[0.896s] Invoked command in '/workspaces/warpSLAM/disparity_extender' returned '0': PS1=(warpslam) \[\e]0;\u@\h: \w\a\]${debian_chroot:+($debian_chroot)}\u@\h:\w\$ PYTHONPATH=/workspaces/warpSLAM/disparity_extender/build/disparity_extender/prefix_override:/usr/lib/python3/dist-packages/colcon_core/task/python/colcon_distutils_commands:/workspaces/warpSLAM/disparity_extender/install/disparity_extender/lib/python3.10/site-packages:${PYTHONPATH} /usr/bin/python3 -W ignore:setup.py install is deprecated -W ignore:easy_install command is deprecated setup.py egg_info --egg-base build/disparity_extender build --build-base /workspaces/warpSLAM/disparity_extender/build/disparity_extender/build install --record /workspaces/warpSLAM/disparity_extender/build/disparity_extender/install.log --single-version-externally-managed install_data
