running egg_info
creating build/disparity_extender/disparity_extender.egg-info
writing build/disparity_extender/disparity_extender.egg-info/PKG-INFO
writing dependency_links to build/disparity_extender/disparity_extender.egg-info/dependency_links.txt
writing entry points to build/disparity_extender/disparity_extender.egg-info/entry_points.txt
writing requirements to build/disparity_extender/disparity_extender.egg-info/requires.txt
writing top-level names to build/disparity_extender/disparity_extender.egg-info/top_level.txt
writing manifest file 'build/disparity_extender/disparity_extender.egg-info/SOURCES.txt'
reading manifest file 'build/disparity_extender/disparity_extender.egg-info/SOURCES.txt'
writing manifest file 'build/disparity_extender/disparity_extender.egg-info/SOURCES.txt'
running build
running build_py
creating /workspaces/warpSLAM/disparity_extender/build/disparity_extender/build
creating /workspaces/warpSLAM/disparity_extender/build/disparity_extender/build/lib
creating /workspaces/warpSLAM/disparity_extender/build/disparity_extender/build/lib/disparity_extender
copying disparity_extender/__init__.py -> /workspaces/warpSLAM/disparity_extender/build/disparity_extender/build/lib/disparity_extender
copying disparity_extender/disparity_extender.py -> /workspaces/warpSLAM/disparity_extender/build/disparity_extender/build/lib/disparity_extender
copying disparity_extender/py.typed -> /workspaces/warpSLAM/disparity_extender/build/disparity_extender/build/lib/disparity_extender
running install
running install_lib
creating /workspaces/warpSLAM/disparity_extender/install/disparity_extender/lib/python3.10/site-packages/disparity_extender
copying /workspaces/warpSLAM/disparity_extender/build/disparity_extender/build/lib/disparity_extender/__init__.py -> /workspaces/warpSLAM/disparity_extender/install/disparity_extender/lib/python3.10/site-packages/disparity_extender
copying /workspaces/warpSLAM/disparity_extender/build/disparity_extender/build/lib/disparity_extender/disparity_extender.py -> /workspaces/warpSLAM/disparity_extender/install/disparity_extender/lib/python3.10/site-packages/disparity_extender
copying /workspaces/warpSLAM/disparity_extender/build/disparity_extender/build/lib/disparity_extender/py.typed -> /workspaces/warpSLAM/disparity_extender/install/disparity_extender/lib/python3.10/site-packages/disparity_extender
byte-compiling /workspaces/warpSLAM/disparity_extender/install/disparity_extender/lib/python3.10/site-packages/disparity_extender/__init__.py to __init__.cpython-310.pyc
byte-compiling /workspaces/warpSLAM/disparity_extender/install/disparity_extender/lib/python3.10/site-packages/disparity_extender/disparity_extender.py to disparity_extender.cpython-310.pyc
running install_data
creating /workspaces/warpSLAM/disparity_extender/install/disparity_extender/share/ament_index
creating /workspaces/warpSLAM/disparity_extender/install/disparity_extender/share/ament_index/resource_index
creating /workspaces/warpSLAM/disparity_extender/install/disparity_extender/share/ament_index/resource_index/packages
copying resource/disparity_extender -> /workspaces/warpSLAM/disparity_extender/install/disparity_extender/share/ament_index/resource_index/packages
copying package.xml -> /workspaces/warpSLAM/disparity_extender/install/disparity_extender/share/disparity_extender
creating /workspaces/warpSLAM/disparity_extender/install/disparity_extender/share/disparity_extender/launch
copying launch/disparity_extender.launch.py -> /workspaces/warpSLAM/disparity_extender/install/disparity_extender/share/disparity_extender/launch
running install_egg_info
Copying build/disparity_extender/disparity_extender.egg-info to /workspaces/warpSLAM/disparity_extender/install/disparity_extender/lib/python3.10/site-packages/disparity_extender-0.0.0-py3.10.egg-info
running install_scripts
Installing disparity_extender script to /workspaces/warpSLAM/disparity_extender/install/disparity_extender/lib/disparity_extender
writing list of installed files to '/workspaces/warpSLAM/disparity_extender/build/disparity_extender/install.log'
