[0.628s] Invoking command in '/workspaces/warpSLAM/disparity_extender': PS1=(warpslam) \[\e]0;\u@\h: \w\a\]${debian_chroot:+($debian_chroot)}\u@\h:\w\$ PYTHONPATH=/workspaces/warpSLAM/disparity_extender/build/disparity_extender/prefix_override:/usr/lib/python3/dist-packages/colcon_core/task/python/colcon_distutils_commands:/workspaces/warpSLAM/disparity_extender/install/disparity_extender/lib/python3.10/site-packages:${PYTHONPATH} /usr/bin/python3 -W ignore:setup.py install is deprecated -W ignore:easy_install command is deprecated setup.py egg_info --egg-base build/disparity_extender build --build-base /workspaces/warpSLAM/disparity_extender/build/disparity_extender/build install --record /workspaces/warpSLAM/disparity_extender/build/disparity_extender/install.log --single-version-externally-managed install_data
[0.866s] running egg_info
[0.867s] creating build/disparity_extender/disparity_extender.egg-info
[0.867s] writing build/disparity_extender/disparity_extender.egg-info/PKG-INFO
[0.868s] writing dependency_links to build/disparity_extender/disparity_extender.egg-info/dependency_links.txt
[0.868s] writing entry points to build/disparity_extender/disparity_extender.egg-info/entry_points.txt
[0.868s] writing requirements to build/disparity_extender/disparity_extender.egg-info/requires.txt
[0.868s] writing top-level names to build/disparity_extender/disparity_extender.egg-info/top_level.txt
[0.869s] writing manifest file 'build/disparity_extender/disparity_extender.egg-info/SOURCES.txt'
[0.872s] reading manifest file 'build/disparity_extender/disparity_extender.egg-info/SOURCES.txt'
[0.873s] writing manifest file 'build/disparity_extender/disparity_extender.egg-info/SOURCES.txt'
[0.873s] running build
[0.873s] running build_py
[0.873s] creating /workspaces/warpSLAM/disparity_extender/build/disparity_extender/build
[0.873s] creating /workspaces/warpSLAM/disparity_extender/build/disparity_extender/build/lib
[0.873s] creating /workspaces/warpSLAM/disparity_extender/build/disparity_extender/build/lib/disparity_extender
[0.873s] copying disparity_extender/__init__.py -> /workspaces/warpSLAM/disparity_extender/build/disparity_extender/build/lib/disparity_extender
[0.874s] copying disparity_extender/disparity_extender.py -> /workspaces/warpSLAM/disparity_extender/build/disparity_extender/build/lib/disparity_extender
[0.874s] copying disparity_extender/py.typed -> /workspaces/warpSLAM/disparity_extender/build/disparity_extender/build/lib/disparity_extender
[0.874s] running install
[0.874s] running install_lib
[0.876s] creating /workspaces/warpSLAM/disparity_extender/install/disparity_extender/lib/python3.10/site-packages/disparity_extender
[0.876s] copying /workspaces/warpSLAM/disparity_extender/build/disparity_extender/build/lib/disparity_extender/__init__.py -> /workspaces/warpSLAM/disparity_extender/install/disparity_extender/lib/python3.10/site-packages/disparity_extender
[0.876s] copying /workspaces/warpSLAM/disparity_extender/build/disparity_extender/build/lib/disparity_extender/disparity_extender.py -> /workspaces/warpSLAM/disparity_extender/install/disparity_extender/lib/python3.10/site-packages/disparity_extender
[0.876s] copying /workspaces/warpSLAM/disparity_extender/build/disparity_extender/build/lib/disparity_extender/py.typed -> /workspaces/warpSLAM/disparity_extender/install/disparity_extender/lib/python3.10/site-packages/disparity_extender
[0.877s] byte-compiling /workspaces/warpSLAM/disparity_extender/install/disparity_extender/lib/python3.10/site-packages/disparity_extender/__init__.py to __init__.cpython-310.pyc
[0.878s] byte-compiling /workspaces/warpSLAM/disparity_extender/install/disparity_extender/lib/python3.10/site-packages/disparity_extender/disparity_extender.py to disparity_extender.cpython-310.pyc
[0.883s] running install_data
[0.884s] creating /workspaces/warpSLAM/disparity_extender/install/disparity_extender/share/ament_index
[0.884s] creating /workspaces/warpSLAM/disparity_extender/install/disparity_extender/share/ament_index/resource_index
[0.884s] creating /workspaces/warpSLAM/disparity_extender/install/disparity_extender/share/ament_index/resource_index/packages
[0.884s] copying resource/disparity_extender -> /workspaces/warpSLAM/disparity_extender/install/disparity_extender/share/ament_index/resource_index/packages
[0.884s] copying package.xml -> /workspaces/warpSLAM/disparity_extender/install/disparity_extender/share/disparity_extender
[0.884s] creating /workspaces/warpSLAM/disparity_extender/install/disparity_extender/share/disparity_extender/launch
[0.884s] copying launch/disparity_extender.launch.py -> /workspaces/warpSLAM/disparity_extender/install/disparity_extender/share/disparity_extender/launch
[0.884s] running install_egg_info
[0.887s] Copying build/disparity_extender/disparity_extender.egg-info to /workspaces/warpSLAM/disparity_extender/install/disparity_extender/lib/python3.10/site-packages/disparity_extender-0.0.0-py3.10.egg-info
[0.890s] running install_scripts
[0.915s] Installing disparity_extender script to /workspaces/warpSLAM/disparity_extender/install/disparity_extender/lib/disparity_extender
[0.915s] writing list of installed files to '/workspaces/warpSLAM/disparity_extender/build/disparity_extender/install.log'
[0.938s] Invoked command in '/workspaces/warpSLAM/disparity_extender' returned '0': PS1=(warpslam) \[\e]0;\u@\h: \w\a\]${debian_chroot:+($debian_chroot)}\u@\h:\w\$ PYTHONPATH=/workspaces/warpSLAM/disparity_extender/build/disparity_extender/prefix_override:/usr/lib/python3/dist-packages/colcon_core/task/python/colcon_distutils_commands:/workspaces/warpSLAM/disparity_extender/install/disparity_extender/lib/python3.10/site-packages:${PYTHONPATH} /usr/bin/python3 -W ignore:setup.py install is deprecated -W ignore:easy_install command is deprecated setup.py egg_info --egg-base build/disparity_extender build --build-base /workspaces/warpSLAM/disparity_extender/build/disparity_extender/build install --record /workspaces/warpSLAM/disparity_extender/build/disparity_extender/install.log --single-version-externally-managed install_data
